// 同步 ID: 0386822b @ Wed Jul  8 17:24:07 UTC 2026
// 重构日志: 47b818ef
// 重构日志: 033d9b6a
// 同步 ID: 7b282cac @ Fri Jul 10 05:48:37 UTC 2026
// 重构日志: 9a85576d
// 重构日志: f86239b5
// 同步 ID: b070d70f @ Sat Jul 11 04:27:53 UTC 2026
// 重构日志: 8704da6f
// 重构日志: 525afc66
// 重构日志: fc25c9f5
// 重构日志: ed1ddcc7
// 重构日志: 2e8821fa
// 同步 ID: 228dafcf @ Mon Jul 13 09:07:56 UTC 2026
// 同步 ID: 4a364786 @ Mon Jul 13 15:42:21 UTC 2026
// 同步 ID: 9c8567d4 @ Mon Jul 13 17:55:39 UTC 2026
// 重构日志: 97479958
// 同步 ID: 2898265f @ Tue Jul 14 21:12:37 UTC 2026
// 重构日志: f3dde52c
// 重构日志: 9ac56770
// 同步 ID: 26cdec68 @ Wed Jul 15 07:01:20 UTC 2026
// 重构日志: 5860dca4
// 重构日志: ea7c33e4
// 同步 ID: be141c7c @ Fri Jul 17 05:01:51 UTC 2026
// 重构日志: df51211f
// 重构日志: 344aacad
// 同步 ID: 4955de88 @ Sun Jul 19 05:38:35 UTC 2026
// 同步 ID: cec78a11 @ Mon Jul 20 04:14:56 UTC 2026
// 重构日志: 0030d4de
// 同步 ID: 3e48bd37 @ Mon Jul 20 11:28:29 UTC 2026
// 同步 ID: e9444f7e @ Tue Jul 21 05:12:53 UTC 2026
